Build started 03.10.2013 13:02:24.
     1>Project "C:\Users\ZuckerBerg\Documents\Visual Studio 2012\Projects\gamecontrol\gamecontrol\gamecontrol.vcxproj" on node 2 (Build target(s)).
     1>ClCompile:
         C:\Program Files (x86)\Microsoft Visual Studio 11.0\VC\bin\CL.exe /c /ZI /nologo /W3 /WX- /Od /Oy- /D _MBCS /Gm /EHsc /RTC1 /MDd /GS /fp:precise /Zc:wchar_t /Zc:forScope /Fo"Debug\\" /Fd"Debug\vc110.pdb" /Gd /TP /analyze- /errorReport:prompt game.cpp
         game.cpp
     1>c:\users\zuckerberg\documents\visual studio 2012\projects\gamecontrol\gamecontrol\game.cpp(12): warning C4244: '=' : conversion from 'double' to 'clock_t', possible loss of data
     1>c:\users\zuckerberg\documents\visual studio 2012\projects\gamecontrol\gamecontrol\game.cpp(32): warning C4996: 'scanf': This function or variable may be unsafe. Consider using scanf_s instead. To disable deprecation, use _CRT_SECURE_NO_WARNINGS. See online help for details.
                 c:\program files (x86)\microsoft visual studio 11.0\vc\include\stdio.h(290) : see declaration of 'scanf'
     1>c:\users\zuckerberg\documents\visual studio 2012\projects\gamecontrol\gamecontrol\game.cpp(71): warning C4996: 'getch': The POSIX name for this item is deprecated. Instead, use the ISO C++ conformant name: _getch. See online help for details.
                 c:\program files (x86)\microsoft visual studio 11.0\vc\include\conio.h(131) : see declaration of 'getch'
     1>c:\users\zuckerberg\documents\visual studio 2012\projects\gamecontrol\gamecontrol\game.cpp(77): warning C4244: 'argument' : conversion from 'time_t' to 'unsigned int', possible loss of data
     1>c:\users\zuckerberg\documents\visual studio 2012\projects\gamecontrol\gamecontrol\game.cpp(104): warning C4996: 'getch': The POSIX name for this item is deprecated. Instead, use the ISO C++ conformant name: _getch. See online help for details.
                 c:\program files (x86)\microsoft visual studio 11.0\vc\include\conio.h(131) : see declaration of 'getch'
     1>c:\users\zuckerberg\documents\visual studio 2012\projects\gamecontrol\gamecontrol\game.cpp(173): warning C4996: 'getch': The POSIX name for this item is deprecated. Instead, use the ISO C++ conformant name: _getch. See online help for details.
                 c:\program files (x86)\microsoft visual studio 11.0\vc\include\conio.h(131) : see declaration of 'getch'
     1>c:\users\zuckerberg\documents\visual studio 2012\projects\gamecontrol\gamecontrol\game.cpp(195): warning C4996: 'getch': The POSIX name for this item is deprecated. Instead, use the ISO C++ conformant name: _getch. See online help for details.
                 c:\program files (x86)\microsoft visual studio 11.0\vc\include\conio.h(131) : see declaration of 'getch'
     1>c:\users\zuckerberg\documents\visual studio 2012\projects\gamecontrol\gamecontrol\game.cpp(243): warning C4996: 'getch': The POSIX name for this item is deprecated. Instead, use the ISO C++ conformant name: _getch. See online help for details.
                 c:\program files (x86)\microsoft visual studio 11.0\vc\include\conio.h(131) : see declaration of 'getch'
     1>c:\users\zuckerberg\documents\visual studio 2012\projects\gamecontrol\gamecontrol\game.cpp(298): warning C4996: 'getch': The POSIX name for this item is deprecated. Instead, use the ISO C++ conformant name: _getch. See online help for details.
                 c:\program files (x86)\microsoft visual studio 11.0\vc\include\conio.h(131) : see declaration of 'getch'
     1>c:\users\zuckerberg\documents\visual studio 2012\projects\gamecontrol\gamecontrol\game.cpp(304): warning C4996: 'getch': The POSIX name for this item is deprecated. Instead, use the ISO C++ conformant name: _getch. See online help for details.
                 c:\program files (x86)\microsoft visual studio 11.0\vc\include\conio.h(131) : see declaration of 'getch'
     1>c:\users\zuckerberg\documents\visual studio 2012\projects\gamecontrol\gamecontrol\game.cpp(337): warning C4996: 'getch': The POSIX name for this item is deprecated. Instead, use the ISO C++ conformant name: _getch. See online help for details.
                 c:\program files (x86)\microsoft visual studio 11.0\vc\include\conio.h(131) : see declaration of 'getch'
     1>c:\users\zuckerberg\documents\visual studio 2012\projects\gamecontrol\gamecontrol\game.cpp(383): warning C4996: 'getch': The POSIX name for this item is deprecated. Instead, use the ISO C++ conformant name: _getch. See online help for details.
                 c:\program files (x86)\microsoft visual studio 11.0\vc\include\conio.h(131) : see declaration of 'getch'
     1>c:\users\zuckerberg\documents\visual studio 2012\projects\gamecontrol\gamecontrol\game.cpp(438): warning C4996: 'getch': The POSIX name for this item is deprecated. Instead, use the ISO C++ conformant name: _getch. See online help for details.
                 c:\program files (x86)\microsoft visual studio 11.0\vc\include\conio.h(131) : see declaration of 'getch'
     1>c:\users\zuckerberg\documents\visual studio 2012\projects\gamecontrol\gamecontrol\game.cpp(78): warning C4101: 'a' : unreferenced local variable
     1>c:\users\zuckerberg\documents\visual studio 2012\projects\gamecontrol\gamecontrol\game.cpp(97): warning C4101: 'toplamZaman' : unreferenced local variable
       Link:
         C:\Program Files (x86)\Microsoft Visual Studio 11.0\VC\bin\link.exe /ERRORREPORT:PROMPT /OUT:"C:\Users\ZuckerBerg\Documents\Visual Studio 2012\Projects\gamecontrol\Debug\gamecontrol.exe" /INCREMENTAL /NOLOGO kernel32.lib user32.lib gdi32.lib winspool.lib comdlg32.lib advapi32.lib shell32.lib ole32.lib oleaut32.lib uuid.lib odbc32.lib odbccp32.lib /MANIFEST /MANIFESTUAC:"level='asInvoker' uiAccess='false'" /manifest:embed /DEBUG /PDB:"C:\Users\ZuckerBerg\Documents\Visual Studio 2012\Projects\gamecontrol\Debug\gamecontrol.pdb" /SUBSYSTEM:CONSOLE /TLBID:1 /DYNAMICBASE /NXCOMPAT /IMPLIB:"C:\Users\ZuckerBerg\Documents\Visual Studio 2012\Projects\gamecontrol\Debug\gamecontrol.lib" /MACHINE:X86 Debug\game.obj
         gamecontrol.vcxproj -> C:\Users\ZuckerBerg\Documents\Visual Studio 2012\Projects\gamecontrol\Debug\gamecontrol.exe
     1>Done Building Project "C:\Users\ZuckerBerg\Documents\Visual Studio 2012\Projects\gamecontrol\gamecontrol\gamecontrol.vcxproj" (Build target(s)).

Build succeeded.

Time Elapsed 00:00:06.48
